# JRE version: OpenJDK Runtime Environment (18.0.2+9) (build 18.0.2+9-61)
# Java VM: OpenJDK 64-Bit Server VM (18.0.2+9-61, mixed mode, sharing, tiered, compressed oops, compressed class ptrs, g1 gc, windows-amd64)
GC Precious Log:
 CardTable entry size: 512
 Card Set container configuration: InlinePtr #cards 4 size 8 Array Of Cards #cards 16 size 48 Howl #buckets 8 coarsen threshold 3686 Howl Bitmap #cards 512 size 80 coarsen threshold 460 Card regions per heap region 1 cards per card region 4096
 CPUs: 4 total, 4 available
 Memory: 14216M
 Large Page Support: Disabled
 NUMA Support: Disabled
 Compressed Oops: Enabled (Zero based)
 Heap Region Size: 2M
 Heap Min Capacity: 8M
 Heap Initial Capacity: 224M
 Heap Max Capacity: 3556M
 Pre-touch: Disabled
 Parallel Workers: 4
 Concurrent Workers: 1
 Concurrent Refinement Workers: 4
 Periodic GC: Disabled
Heap:
 garbage-first heap   total 329728K, used 186832K [0x0000000721c00000, 0x0000000800000000)
  region size 2048K, 50 young (102400K), 1 survivors (2048K)
 Metaspace       used 94969K, committed 95744K, reserved 1179648K
  class space    used 12222K, committed 12608K, reserved 1048576K
GC Heap History (20 events):
Event: 60.345 GC heap before
{Heap before GC invocations=122 (full 0):
 garbage-first heap   total 329728K, used 155917K [0x0000000721c00000, 0x0000000800000000)
  region size 2048K, 31 young (63488K), 1 survivors (2048K)
 Metaspace       used 89509K, committed 90112K, reserved 1179648K
  class space    used 11487K, committed 11776K, reserved 1048576K
}
Event: 60.347 GC heap after
{Heap after GC invocations=123 (full 0):
 garbage-first heap   total 329728K, used 96551K [0x0000000721c00000, 0x0000000800000000)
  region size 2048K, 1 young (2048K), 1 survivors (2048K)
 Metaspace       used 89509K, committed 90112K, reserved 1179648K
  class space    used 11487K, committed 11776K, reserved 1048576K
}
Event: 60.934 GC heap before
{Heap before GC invocations=124 (full 0):
 garbage-first heap   total 329728K, used 315687K [0x0000000721c00000, 0x0000000800000000)
  region size 2048K, 96 young (196608K), 1 survivors (2048K)
 Metaspace       used 89509K, committed 90112K, reserved 1179648K
  class space    used 11487K, committed 11776K, reserved 1048576K
}
Event: 60.935 GC heap after
{Heap after GC invocations=125 (full 0):
 garbage-first heap   total 329728K, used 104776K [0x0000000721c00000, 0x0000000800000000)
  region size 2048K, 1 young (2048K), 1 survivors (2048K)
 Metaspace       used 89509K, committed 90112K, reserved 1179648K
  class space    used 11487K, committed 11776K, reserved 1048576K
}
Event: 61.235 GC heap before
{Heap before GC invocations=125 (full 0):
 garbage-first heap   total 329728K, used 172360K [0x0000000721c00000, 0x0000000800000000)
  region size 2048K, 35 young (71680K), 1 survivors (2048K)
 Metaspace       used 89510K, committed 90112K, reserved 1179648K
  class space    used 11487K, committed 11776K, reserved 1048576K
}
Event: 61.236 GC heap after
{Heap after GC invocations=126 (full 0):
 garbage-first heap   total 329728K, used 104794K [0x0000000721c00000, 0x0000000800000000)
  region size 2048K, 1 young (2048K), 1 survivors (2048K)
 Metaspace       used 89510K, committed 90112K, reserved 1179648K
  class space    used 11487K, committed 11776K, reserved 1048576K
}
Event: 61.684 GC heap before
{Heap before GC invocations=127 (full 0):
 garbage-first heap   total 329728K, used 295258K [0x0000000721c00000, 0x0000000800000000)
  region size 2048K, 91 young (186368K), 1 survivors (2048K)
 Metaspace       used 89511K, committed 90112K, reserved 1179648K
  class space    used 11487K, committed 11776K, reserved 1048576K
}
Event: 61.685 GC heap after
{Heap after GC invocations=128 (full 0):
 garbage-first heap   total 329728K, used 86368K [0x0000000721c00000, 0x0000000800000000)
  region size 2048K, 1 young (2048K), 1 survivors (2048K)
 Metaspace       used 89511K, committed 90112K, reserved 1179648K
  class space    used 11487K, committed 11776K, reserved 1048576K
}
Event: 61.856 GC heap before
{Heap before GC invocations=128 (full 0):
 garbage-first heap   total 329728K, used 141664K [0x0000000721c00000, 0x0000000800000000)
  region size 2048K, 29 young (59392K), 1 survivors (2048K)
 Metaspace       used 89511K, committed 90112K, reserved 1179648K
  class space    used 11487K, committed 11776K, reserved 1048576K
}
Event: 61.857 GC heap after
{Heap after GC invocations=129 (full 0):
 garbage-first heap   total 329728K, used 86332K [0x0000000721c00000, 0x0000000800000000)
  region size 2048K, 1 young (2048K), 1 survivors (2048K)
 Metaspace       used 89511K, committed 90112K, reserved 1179648K
  class space    used 11487K, committed 11776K, reserved 1048576K
}
Event: 62.364 GC heap before
{Heap before GC invocations=130 (full 0):
 garbage-first heap   total 329728K, used 289084K [0x0000000721c00000, 0x0000000800000000)
  region size 2048K, 96 young (196608K), 1 survivors (2048K)
 Metaspace       used 89512K, committed 90112K, reserved 1179648K
  class space    used 11487K, committed 11776K, reserved 1048576K
}
Event: 62.365 GC heap after
{Heap after GC invocations=131 (full 0):
 garbage-first heap   total 329728K, used 88494K [0x0000000721c00000, 0x0000000800000000)
  region size 2048K, 1 young (2048K), 1 survivors (2048K)
 Metaspace       used 89512K, committed 90112K, reserved 1179648K
  class space    used 11487K, committed 11776K, reserved 1048576K
}
Event: 62.529 GC heap before
{Heap before GC invocations=131 (full 0):
 garbage-first heap   total 329728K, used 135598K [0x0000000721c00000, 0x0000000800000000)
  region size 2048K, 25 young (51200K), 1 survivors (2048K)
 Metaspace       used 89512K, committed 90112K, reserved 1179648K
  class space    used 11487K, committed 11776K, reserved 1048576K
}
Event: 62.530 GC heap after
{Heap after GC invocations=132 (full 0):
 garbage-first heap   total 329728K, used 88457K [0x0000000721c00000, 0x0000000800000000)
  region size 2048K, 1 young (2048K), 1 survivors (2048K)
 Metaspace       used 89512K, committed 90112K, reserved 1179648K
  class space    used 11487K, committed 11776K, reserved 1048576K
}
Event: 62.992 GC heap before
{Heap before GC invocations=133 (full 0):
 garbage-first heap   total 329728K, used 287113K [0x0000000721c00000, 0x0000000800000000)
  region size 2048K, 96 young (196608K), 1 survivors (2048K)
 Metaspace       used 89512K, committed 90112K, reserved 1179648K
  class space    used 11487K, committed 11776K, reserved 1048576K
}
Event: 62.993 GC heap after
{Heap after GC invocations=134 (full 0):
 garbage-first heap   total 329728K, used 87131K [0x0000000721c00000, 0x0000000800000000)
  region size 2048K, 2 young (4096K), 2 survivors (4096K)
 Metaspace       used 89512K, committed 90112K, reserved 1179648K
  class space    used 11487K, committed 11776K, reserved 1048576K
}
Event: 63.129 GC heap before
{Heap before GC invocations=134 (full 0):
 garbage-first heap   total 329728K, used 130139K [0x0000000721c00000, 0x0000000800000000)
  region size 2048K, 24 young (49152K), 2 survivors (4096K)
 Metaspace       used 89514K, committed 90112K, reserved 1179648K
  class space    used 11487K, committed 11776K, reserved 1048576K
}
Event: 63.130 GC heap after
{Heap after GC invocations=135 (full 0):
 garbage-first heap   total 329728K, used 84324K [0x0000000721c00000, 0x0000000800000000)
  region size 2048K, 1 young (2048K), 1 survivors (2048K)
 Metaspace       used 89514K, committed 90112K, reserved 1179648K
  class space    used 11487K, committed 11776K, reserved 1048576K
}
Event: 63.635 GC heap before
{Heap before GC invocations=136 (full 0):
 garbage-first heap   total 329728K, used 287076K [0x0000000721c00000, 0x0000000800000000)
  region size 2048K, 96 young (196608K), 1 survivors (2048K)
 Metaspace       used 89514K, committed 90112K, reserved 1179648K
  class space    used 11487K, committed 11776K, reserved 1048576K
}
Event: 63.636 GC heap after
{Heap after GC invocations=137 (full 0):
 garbage-first heap   total 329728K, used 88528K [0x0000000721c00000, 0x0000000800000000)
  region size 2048K, 1 young (2048K), 1 survivors (2048K)
 Metaspace       used 89514K, committed 90112K, reserved 1179648K
  class space    used 11487K, committed 11776K, reserved 1048576K
}

